2025-07-05 18:19:00 | DEBUG | repo=Sigarayi-Birak | action=commit
2025-06-04 07:03:00 | INFO | repo=Sigarayi-Birak | action=commit
2025-04-20 11:05:00 | INFO | repo=Sigarayi-Birak | action=commit
2025-10-12 07:19:00 | WARN | repo=Sigarayi-Birak | action=test | passed=true
2025-06-13 15:37:00 | WARN | repo=Sigarayi-Birak | action=pull
2025-08-24 14:52:00 | INFO | repo=Sigarayi-Birak | action=commit
2025-12-21 11:47:00 | WARN | repo=Sigarayi-Birak | action=commit
2025-07-03 19:38:00 | INFO | repo=Sigarayi-Birak | action=commit
2025-08-22 15:48:00 | WARN | repo=Sigarayi-Birak | action=commit
2025-01-12 10:33:00 | INFO | repo=Sigarayi-Birak | action=pull
2025-11-18 08:33:00 | DEBUG | repo=Sigarayi-Birak | action=test | passed=true
2025-01-11 18:04:00 | INFO | repo=Sigarayi-Birak | action=edit | files=5
2025-07-02 07:40:00 | INFO | repo=Sigarayi-Birak | action=commit
2025-11-18 19:54:00 | INFO | repo=Sigarayi-Birak | action=test | passed=true
2025-02-01 20:08:00 | DEBUG | repo=Sigarayi-Birak | action=commit
2025-02-26 17:53:00 | INFO | repo=Sigarayi-Birak | action=test | passed=true
2025-02-01 07:06:00 | WARN | repo=Sigarayi-Birak | action=commit
2025-01-23 12:54:00 | INFO | repo=Sigarayi-Birak | action=commit
2025-08-02 13:33:00 | DEBUG | repo=Sigarayi-Birak | action=commit
2025-04-17 13:05:00 | WARN | repo=Sigarayi-Birak | action=commit
2025-09-16 20:02:00 | DEBUG | repo=Sigarayi-Birak | action=test | passed=true
2025-08-15 20:05:00 | WARN | repo=Sigarayi-Birak | action=commit
2025-08-20 07:37:00 | INFO | repo=Sigarayi-Birak | action=commit
2025-01-08 08:26:00 | INFO | repo=Sigarayi-Birak | action=test | passed=true
2025-07-07 19:11:00 | INFO | repo=Sigarayi-Birak | action=commit
2025-04-23 20:26:00 | WARN | repo=Sigarayi-Birak | action=commit
2025-05-01 08:07:00 | DEBUG | repo=Sigarayi-Birak | action=commit
2025-05-04 21:22:00 | WARN | repo=Sigarayi-Birak | action=commit
2025-02-24 11:36:00 | INFO | repo=Sigarayi-Birak | action=test | passed=true
2025-10-20 09:08:00 | DEBUG | repo=Sigarayi-Birak | action=commit
2025-11-07 07:42:00 | INFO | repo=Sigarayi-Birak | action=pull
2025-02-12 21:30:00 | DEBUG | repo=Sigarayi-Birak | action=commit
2025-03-25 18:15:00 | DEBUG | repo=Sigarayi-Birak | action=commit
2025-04-10 20:07:00 | INFO | repo=Sigarayi-Birak | action=pull
2025-10-09 15:10:00 | DEBUG | repo=Sigarayi-Birak | action=commit
2025-12-01 15:49:00 | WARN | repo=Sigarayi-Birak | action=commit
2025-08-17 08:32:00 | WARN | repo=Sigarayi-Birak | action=edit | files=1
2025-09-27 09:29:00 | DEBUG | repo=Sigarayi-Birak | action=test | passed=true
2025-10-21 17:35:00 | INFO | repo=Sigarayi-Birak | action=commit
2025-05-11 19:21:00 | INFO | repo=Sigarayi-Birak | action=commit
2025-12-17 09:46:00 | WARN | repo=Sigarayi-Birak | action=edit | files=2
2025-10-03 13:51:00 | WARN | repo=Sigarayi-Birak | action=commit
2025-12-28 08:35:00 | DEBUG | repo=Sigarayi-Birak | action=test | passed=true
2025-10-02 17:24:00 | INFO | repo=Sigarayi-Birak | action=test | passed=true
2025-08-09 13:21:00 | WARN | repo=Sigarayi-Birak | action=commit
2025-05-15 12:15:00 | INFO | repo=Sigarayi-Birak | action=commit
2025-12-16 21:06:00 | INFO | repo=Sigarayi-Birak | action=commit
2025-02-27 17:16:00 | WARN | repo=Sigarayi-Birak | action=commit
2025-06-25 16:23:00 | DEBUG | repo=Sigarayi-Birak | action=edit | files=1
2025-08-16 18:12:00 | WARN | repo=Sigarayi-Birak | action=test | passed=true
2025-06-27 14:43:00 | INFO | repo=Sigarayi-Birak | action=pull
2025-10-19 16:46:00 | WARN | repo=Sigarayi-Birak | action=commit
2025-11-02 15:53:00 | DEBUG | repo=Sigarayi-Birak | action=commit
2025-06-01 20:15:00 | WARN | repo=Sigarayi-Birak | action=commit
2025-02-27 20:19:00 | WARN | repo=Sigarayi-Birak | action=commit
2025-05-18 10:25:00 | WARN | repo=Sigarayi-Birak | action=commit
2025-04-03 21:46:00 | DEBUG | repo=Sigarayi-Birak | action=commit
2025-11-11 21:08:00 | INFO | repo=Sigarayi-Birak | action=commit
2025-07-06 13:58:00 | DEBUG | repo=Sigarayi-Birak | action=pull
2025-03-04 21:21:00 | WARN | repo=Sigarayi-Birak | action=test | passed=true
2025-06-28 20:13:00 | DEBUG | repo=Sigarayi-Birak | action=pull
2025-06-22 14:14:00 | DEBUG | repo=Sigarayi-Birak | action=commit
2025-06-05 16:03:00 | WARN | repo=Sigarayi-Birak | action=pull
2025-11-11 13:12:00 | DEBUG | repo=Sigarayi-Birak | action=commit
2025-01-22 07:09:00 | INFO | repo=Sigarayi-Birak | action=commit
2025-08-23 15:36:00 | DEBUG | repo=Sigarayi-Birak | action=commit
2025-10-11 20:16:00 | INFO | repo=Sigarayi-Birak | action=edit | files=4
2025-09-14 21:13:00 | DEBUG | repo=Sigarayi-Birak | action=commit
2025-04-03 21:03:00 | INFO | repo=Sigarayi-Birak | action=pull
2025-09-24 12:33:00 | INFO | repo=Sigarayi-Birak | action=commit
2025-02-03 09:08:00 | WARN | repo=Sigarayi-Birak | action=commit
2025-05-28 18:55:00 | INFO | repo=Sigarayi-Birak | action=commit
2025-10-05 08:40:00 | WARN | repo=Sigarayi-Birak | action=commit
2025-09-28 10:07:00 | INFO | repo=Sigarayi-Birak | action=commit
2025-05-06 14:24:00 | INFO | repo=Sigarayi-Birak | action=commit
2025-08-06 10:07:00 | WARN | repo=Sigarayi-Birak | action=commit
2025-03-14 20:43:00 | WARN | repo=Sigarayi-Birak | action=commit
2025-03-27 13:01:00 | WARN | repo=Sigarayi-Birak | action=edit | files=3
2025-02-08 10:45:00 | DEBUG | repo=Sigarayi-Birak | action=commit
2025-05-07 13:36:00 | DEBUG | repo=Sigarayi-Birak | action=commit
2025-03-12 15:12:00 | WARN | repo=Sigarayi-Birak | action=commit
2025-12-14 07:44:00 | DEBUG | repo=Sigarayi-Birak | action=commit
2025-06-16 14:00:00 | WARN | repo=Sigarayi-Birak | action=commit
2025-10-22 14:27:00 | INFO | repo=Sigarayi-Birak | action=commit
2025-09-05 08:42:00 | WARN | repo=Sigarayi-Birak | action=commit
2025-09-28 10:24:00 | WARN | repo=Sigarayi-Birak | action=commit
2025-07-08 13:30:00 | WARN | repo=Sigarayi-Birak | action=commit
2025-03-04 09:51:00 | WARN | repo=Sigarayi-Birak | action=commit
2025-08-11 13:34:00 | INFO | repo=Sigarayi-Birak | action=commit
2025-11-17 21:35:00 | WARN | repo=Sigarayi-Birak | action=commit
2025-05-01 07:24:00 | DEBUG | repo=Sigarayi-Birak | action=commit
2025-05-09 20:02:00 | WARN | repo=Sigarayi-Birak | action=commit
2025-08-09 21:46:00 | WARN | repo=Sigarayi-Birak | action=commit
2025-04-02 09:40:00 | INFO | repo=Sigarayi-Birak | action=pull
2025-04-12 13:06:00 | DEBUG | repo=Sigarayi-Birak | action=commit
2025-09-20 14:20:00 | WARN | repo=Sigarayi-Birak | action=commit
2025-01-03 12:50:00 | DEBUG | repo=Sigarayi-Birak | action=commit
2025-04-28 15:48:00 | INFO | repo=Sigarayi-Birak | action=commit
